{
  "RSpec": {
    "coverage": {
      "/Users/angeladuran/turing/2module/classwork/students/spec/features/user_can_delete_a_student_spec.rb": [
        1,
        null,
        1,
        1,
        0,
        null,
        0,
        null,
        0,
        null,
        0,
        0,
        null,
        null
      ],
      "/Users/angeladuran/turing/2module/classwork/students/spec/features/user_can_edit_student_name_spec.rb": [
        1,
        null,
        1,
        1,
        0,
        null,
        0,
        null,
        0,
        null,
        0,
        null,
        0,
        0,
        null,
        null
      ],
      "/Users/angeladuran/turing/2module/classwork/students/spec/features/user_sees_all_students_spec.rb": [
        1,
        null,
        1,
        1,
        0,
        0,
        null,
        0,
        null,
        0,
        0,
        null,
        1,
        0,
        null,
        0,
        null,
        0,
        null,
        0,
        0,
        null,
        null,
        null
      ],
      "/Users/angeladuran/turing/2module/classwork/students/spec/features/user_sees_nav_bar_spec.rb": [
        1,
        null,
        1,
        1,
        0,
        null,
        0,
        0,
        null,
        1,
        0,
        null,
        0,
        null,
        0,
        0,
        null,
        null
      ],
      "/Users/angeladuran/turing/2module/classwork/students/spec/models/address_spec.rb": [
        1,
        null,
        1,
        0,
        0,
        0,
        0,
        0,
        0,
        null,
        null,
        0,
        0,
        null,
        null
      ],
      "/Users/angeladuran/turing/2module/classwork/students/spec/models/student_spec.rb": [
        1,
        null,
        1,
        1,
        1,
        null,
        1,
        1,
        null,
        null
      ],
      "/Users/angeladuran/turing/2module/classwork/students/app/models/student.rb": [
        1,
        null,
        1,
        null,
        null
      ],
      "/Users/angeladuran/turing/2module/classwork/students/app/models/application_record.rb": [
        1,
        1,
        null
      ]
    },
    "timestamp": 1531255618
  }
}
